Warning[205] C:\USERS\TONHITO54\ONEDRIVE\MPLABXPROJECTS\LABORATORIO_2.X\MAIN_PROG.ASM 6 : Found directive in column 1. (list)
Warning[205] C:\USERS\TONHITO54\ONEDRIVE\MPLABXPROJECTS\LABORATORIO_2.X\MAIN_PROG.ASM 10 : Found directive in column 1. (CBLOCK)
Warning[205] C:\USERS\TONHITO54\ONEDRIVE\MPLABXPROJECTS\LABORATORIO_2.X\MAIN_PROG.ASM 29 : Found directive in column 1. (ENDC)
Warning[205] C:\USERS\TONHITO54\ONEDRIVE\MPLABXPROJECTS\LABORATORIO_2.X\MAIN_PROG.ASM 31 : Found directive in column 1. (ORG)
Warning[203] C:\USERS\TONHITO54\ONEDRIVE\MPLABXPROJECTS\LABORATORIO_2.X\MAIN_PROG.ASM 33 : Found opcode in column 1. (call)
Warning[203] C:\USERS\TONHITO54\ONEDRIVE\MPLABXPROJECTS\LABORATORIO_2.X\MAIN_PROG.ASM 34 : Found opcode in column 1. (call)
Warning[203] C:\USERS\TONHITO54\ONEDRIVE\MPLABXPROJECTS\LABORATORIO_2.X\MAIN_PROG.ASM 35 : Found opcode in column 1. (GOTO)
Warning[205] C:\USERS\TONHITO54\ONEDRIVE\MPLABXPROJECTS\LABORATORIO_2.X\MAIN_PROG.ASM 36 : Found directive in column 1. (ORG)
Warning[205] C:\USERS\TONHITO54\ONEDRIVE\MPLABXPROJECTS\LABORATORIO_2.X\CONFIGURACION.INC 7 : Found directive in column 1. (__CONFIG)
Message[303] C:\USERS\TONHITO54\ONEDRIVE\MPLABXPROJECTS\LABORATORIO_2.X\CONFIGURACION.INC 7 : Program word too large.  Truncated to core size. (E3F4)
Warning[205] C:\USERS\TONHITO54\ONEDRIVE\MPLABXPROJECTS\LABORATORIO_2.X\CONFIGURACION.INC 8 : Found directive in column 1. (__CONFIG)
Message[303] C:\USERS\TONHITO54\ONEDRIVE\MPLABXPROJECTS\LABORATORIO_2.X\CONFIGURACION.INC 8 : Program word too large.  Truncated to core size. (FEFF)
Message[302] C:\USERS\TONHITO54\ONEDRIVE\MPLABXPROJECTS\LABORATORIO_2.X\CONFIGURACION.INC 14 : Register in operand not in bank 0.  Ensure that bank bits are correct.
Warning[203] C:\USERS\TONHITO54\ONEDRIVE\MPLABXPROJECTS\LABORATORIO_2.X\CONFIGURACION.INC 16 : Found opcode in column 1. (return)
Message[302] C:\USERS\TONHITO54\ONEDRIVE\MPLABXPROJECTS\LABORATORIO_2.X\CONFIGURACION.INC 26 : Register in operand not in bank 0.  Ensure that bank bits are correct.
Message[302] C:\USERS\TONHITO54\ONEDRIVE\MPLABXPROJECTS\LABORATORIO_2.X\CONFIGURACION.INC 28 : Register in operand not in bank 0.  Ensure that bank bits are correct.
Message[302] C:\USERS\TONHITO54\ONEDRIVE\MPLABXPROJECTS\LABORATORIO_2.X\CONFIGURACION.INC 30 : Register in operand not in bank 0.  Ensure that bank bits are correct.
Message[302] C:\USERS\TONHITO54\ONEDRIVE\MPLABXPROJECTS\LABORATORIO_2.X\CONFIGURACION.INC 37 : Register in operand not in bank 0.  Ensure that bank bits are correct.
Message[302] C:\USERS\TONHITO54\ONEDRIVE\MPLABXPROJECTS\LABORATORIO_2.X\CONFIGURACION.INC 38 : Register in operand not in bank 0.  Ensure that bank bits are correct.
Warning[207] C:\USERS\TONHITO54\ONEDRIVE\MPLABXPROJECTS\LABORATORIO_2.X\CONFIGURACION.INC 46 : Found label after column 1. (val_inic)
Warning[203] C:\USERS\TONHITO54\ONEDRIVE\MPLABXPROJECTS\LABORATORIO_2.X\CONFIGURACION.INC 55 : Found opcode in column 1. (return)
Warning[203] C:\USERS\TONHITO54\ONEDRIVE\MPLABXPROJECTS\LABORATORIO_2.X\RETARDOS.INC 70 : Found opcode in column 1. (return)
Warning[207] C:\USERS\TONHITO54\ONEDRIVE\MPLABXPROJECTS\LABORATORIO_2.X\RETARDOS.INC 72 : Found label after column 1. (RET2ms)
Warning[203] C:\USERS\TONHITO54\ONEDRIVE\MPLABXPROJECTS\LABORATORIO_2.X\RETARDOS.INC 90 : Found opcode in column 1. (return)
Warning[203] C:\USERS\TONHITO54\ONEDRIVE\MPLABXPROJECTS\LABORATORIO_2.X\RUTINAS_TEMP.INC 16 : Found opcode in column 1. (return)
Warning[203] C:\USERS\TONHITO54\ONEDRIVE\MPLABXPROJECTS\LABORATORIO_2.X\RUTINAS_TEMP.INC 23 : Found opcode in column 1. (return)
Warning[203] C:\USERS\TONHITO54\ONEDRIVE\MPLABXPROJECTS\LABORATORIO_2.X\RUTINAS_TEMP.INC 33 : Found opcode in column 1. (return)
Warning[203] C:\USERS\TONHITO54\ONEDRIVE\MPLABXPROJECTS\LABORATORIO_2.X\RUTINAS_TEMP.INC 46 : Found opcode in column 1. (return)
Warning[203] C:\USERS\TONHITO54\ONEDRIVE\MPLABXPROJECTS\LABORATORIO_2.X\RUTINAS_TEMP.INC 62 : Found opcode in column 1. (return)
Warning[203] C:\USERS\TONHITO54\ONEDRIVE\MPLABXPROJECTS\LABORATORIO_2.X\RUTINAS_TEMP.INC 81 : Found opcode in column 1. (return)
Warning[203] C:\USERS\TONHITO54\ONEDRIVE\MPLABXPROJECTS\LABORATORIO_2.X\RUTINAS_TEMP.INC 83 : Found opcode in column 1. (return)
Warning[203] C:\USERS\TONHITO54\ONEDRIVE\MPLABXPROJECTS\LABORATORIO_2.X\RUTINAS_TEMP.INC 160 : Found opcode in column 1. (return)
Warning[207] C:\USERS\TONHITO54\ONEDRIVE\MPLABXPROJECTS\LABORATORIO_2.X\RUTINAS_TEMP.INC 180 : Found label after column 1. (TEMP_1)
Warning[207] C:\USERS\TONHITO54\ONEDRIVE\MPLABXPROJECTS\LABORATORIO_2.X\RUTINAS_TEMP.INC 196 : Found label after column 1. (TEMP_2)
Warning[207] C:\USERS\TONHITO54\ONEDRIVE\MPLABXPROJECTS\LABORATORIO_2.X\RUTINAS_TEMP.INC 212 : Found label after column 1. (TEMP_3)
Warning[207] C:\USERS\TONHITO54\ONEDRIVE\MPLABXPROJECTS\LABORATORIO_2.X\RUTINAS_TEMP.INC 228 : Found label after column 1. (TEMP_4)
Warning[203] C:\USERS\TONHITO54\ONEDRIVE\MPLABXPROJECTS\LABORATORIO_2.X\RUTINAS_TEMP.INC 264 : Found opcode in column 1. (RETURN)
Warning[207] C:\USERS\TONHITO54\ONEDRIVE\MPLABXPROJECTS\LABORATORIO_2.X\RUTINAS_TEMP.INC 268 : Found label after column 1. (Vis_mensaje)
Warning[207] C:\USERS\TONHITO54\ONEDRIVE\MPLABXPROJECTS\LABORATORIO_2.X\RUTINAS_TEMP.INC 297 : Found label after column 1. (TABL_1)
Warning[207] C:\USERS\TONHITO54\ONEDRIVE\MPLABXPROJECTS\LABORATORIO_2.X\RUTINAS_TEMP.INC 308 : Found label after column 1. (TABL_2)
Warning[207] C:\USERS\TONHITO54\ONEDRIVE\MPLABXPROJECTS\LABORATORIO_2.X\RUTINAS_TEMP.INC 319 : Found label after column 1. (TABL_3)
Warning[207] C:\USERS\TONHITO54\ONEDRIVE\MPLABXPROJECTS\LABORATORIO_2.X\RUTINAS_TEMP.INC 330 : Found label after column 1. (TABL_4)
Warning[203] C:\USERS\TONHITO54\ONEDRIVE\MPLABXPROJECTS\LABORATORIO_2.X\RUTINAS_TEMP.INC 343 : Found opcode in column 1. (return)
Warning[203] C:\USERS\TONHITO54\ONEDRIVE\MPLABXPROJECTS\LABORATORIO_2.X\RUTINAS_TEMP.INC 353 : Found opcode in column 1. (return)
Warning[203] C:\USERS\TONHITO54\ONEDRIVE\MPLABXPROJECTS\LABORATORIO_2.X\RUTINAS_TEMP.INC 390 : Found opcode in column 1. (return)
Warning[205] C:\USERS\TONHITO54\ONEDRIVE\MPLABXPROJECTS\LABORATORIO_2.X\TABLA.INC 4 : Found directive in column 1. (org)
Warning[205] C:\USERS\TONHITO54\ONEDRIVE\MPLABXPROJECTS\LABORATORIO_2.X\MAIN_PROG.ASM 99 : Found directive in column 1. (end)
Message[303] C:\USERS\TONHITO54\ONEDRIVE\MPLABXPROJECTS\LABORATORIO_2.X\MAIN_PROG.ASM 99 : Program word too large.  Truncated to core size. (E3F4)
Message[303] C:\USERS\TONHITO54\ONEDRIVE\MPLABXPROJECTS\LABORATORIO_2.X\MAIN_PROG.ASM 99 : Program word too large.  Truncated to core size. (FEFF)
